<?xml version="1.0" encoding="UTF-8"?>
<!-- Generated by org.testng.reporters.JUnitReportReporter -->
<testsuite hostname="LAPTOP-GOCGSJGJ" failures="0" tests="1" name="test.LoginPageTest" time="21.140" errors="0" timestamp="2024-06-13T19:35:20 IST" skipped="0">
  <testcase classname="test.LoginPageTest" name="verifyUserLoginWithValidCredentials" time="21.140"/>
</testsuite> <!-- test.LoginPageTest -->
