<?xml version="1.0" encoding="UTF-8"?>
<!-- Generated by org.testng.reporters.JUnitReportReporter -->
<testsuite hostname="LAPTOP-GOCGSJGJ" failures="0" tests="1" name="test.HomePageTest" time="28.220" errors="0" timestamp="2024-06-13T13:04:11 IST" skipped="0">
  <testcase classname="test.HomePageTest" name="verifyUserLoginDateMatchesSystemDate" time="28.220"/>
</testsuite> <!-- test.HomePageTest -->
