<?xml version="1.0" encoding="UTF-8"?>
<!-- Generated by org.testng.reporters.JUnitReportReporter -->
<testsuite hostname="LAPTOP-GOCGSJGJ" failures="0" tests="1" name="seleniumbasiccommands.Seleniumcommands" time="19.686" errors="0" timestamp="2024-06-07T15:50:58 IST" skipped="0">
  <testcase classname="seleniumbasiccommands.Seleniumcommands" name="validDemoWebshop" time="19.686"/>
</testsuite> <!-- seleniumbasiccommands.Seleniumcommands -->
