<?xml version="1.0" encoding="UTF-8"?>
<!-- Generated by org.testng.reporters.JUnitReportReporter -->
<testsuite hostname="LAPTOP-GOCGSJGJ" failures="0" tests="1" name="seleniumbasiccommands.Seleniumcommands" time="9.877" errors="0" timestamp="2024-05-09T09:56:50 IST" skipped="0">
  <testcase classname="seleniumbasiccommands.Seleniumcommands" name="validateButtonIsDisplayed" time="9.877"/>
</testsuite> <!-- seleniumbasiccommands.Seleniumcommands -->
