<?xml version="1.0" encoding="UTF-8"?>
<!-- Generated by org.testng.reporters.JUnitReportReporter -->
<testsuite hostname="LAPTOP-GOCGSJGJ" failures="0" tests="1" name="seleniumbasiccommands.Seleniumcommands" time="9.731" errors="0" timestamp="2024-05-06T16:29:18 IST" skipped="0">
  <testcase classname="seleniumbasiccommands.Seleniumcommands" name="verifyMultipleDropdown" time="9.731"/>
</testsuite> <!-- seleniumbasiccommands.Seleniumcommands -->
