<?xml version="1.0" encoding="UTF-8"?>
<!-- Generated by org.testng.reporters.JUnitReportReporter -->
<testsuite hostname="LAPTOP-GOCGSJGJ" failures="0" tests="1" name="seleniumbasiccommands.Seleniumcommands" time="32.847" errors="0" timestamp="2024-05-09T20:25:43 IST" skipped="0">
  <testcase classname="seleniumbasiccommands.Seleniumcommands" name="verifyMouseOver" time="32.847"/>
</testsuite> <!-- seleniumbasiccommands.Seleniumcommands -->
